<?xml version="1.0" encoding="UTF-8"?>
<!-- Generated by org.testng.reporters.JUnitReportReporter -->
<testsuite hostname="DESKTOP-TO5MQFT" failures="0" tests="3" name="testCases.TC001_RegistrationTest" time="59.945" errors="0" timestamp="2025-06-28T19:36:11 IST" skipped="0">
  <testcase classname="testCases.TC001_RegistrationTest" name="registrationTest" time="21.171"/>
  <testcase classname="testCases.TC001_RegistrationTest" name="registrationTest" time="19.278"/>
  <testcase classname="testCases.TC001_RegistrationTest" name="registrationTest" time="19.496"/>
</testsuite> <!-- testCases.TC001_RegistrationTest -->
