<?xml version="1.0" encoding="UTF-8"?>
<!-- Generated by org.testng.reporters.JUnitReportReporter -->
<testsuite hostname="DESKTOP-TO5MQFT" failures="0" tests="1" name="testCases.TC002_LoginTest" time="1.604" errors="0" timestamp="2025-06-28T20:57:29 IST" skipped="0">
  <testcase classname="testCases.TC002_LoginTest" name="loginTest" time="1.604"/>
</testsuite> <!-- testCases.TC002_LoginTest -->
