<?xml version="1.0" encoding="UTF-8"?>
<!-- Generated by org.testng.reporters.JUnitReportReporter -->
<testsuite hostname="DESKTOP-TO5MQFT" failures="0" tests="1" name="testCases.TC001_RegistrationTest" time="19.210" errors="0" timestamp="2025-06-29T19:35:21 IST" skipped="0">
  <testcase classname="testCases.TC001_RegistrationTest" name="registrationTest" time="19.210"/>
</testsuite> <!-- testCases.TC001_RegistrationTest -->
