<?xml version="1.0" encoding="UTF-8"?>
<!-- Generated by org.testng.reporters.JUnitReportReporter -->
<testsuite hostname="DESKTOP-TO5MQFT" failures="0" tests="1" name="testCases.TC002_LoginTest" time="3.144" errors="0" timestamp="2025-06-29T19:35:21 IST" skipped="0">
  <testcase classname="testCases.TC002_LoginTest" name="loginTest" time="3.144"/>
</testsuite> <!-- testCases.TC002_LoginTest -->
